Determining if the pthread_create exist failed with the following output:
Change Dir: /home/arms18/groupx_ws/build/CMakeFiles/CMakeTmp

Run Build Command:/usr/bin/make "cmTryCompileExec1955690408/fast"
/usr/bin/make -f CMakeFiles/cmTryCompileExec1955690408.dir/build.make CMakeFiles/cmTryCompileExec1955690408.dir/build
make[1]: Entering directory `/home/arms18/groupx_ws/build/CMakeFiles/CMakeTmp'
/usr/bin/cmake -E cmake_progress_report /home/arms18/groupx_ws/build/CMakeFiles/CMakeTmp/CMakeFiles 1
Building C object CMakeFiles/cmTryCompileExec1955690408.dir/CheckSymbolExists.c.o
/usr/bin/cc    -o CMakeFiles/cmTryCompileExec1955690408.dir/CheckSymbolExists.c.o   -c /home/arms18/groupx_ws/build/CMakeFiles/CMakeTmp/CheckSymbolExists.c
Linking C executable cmTryCompileExec1955690408
/usr/bin/cmake -E cmake_link_script CMakeFiles/cmTryCompileExec1955690408.dir/link.txt --verbose=1
/usr/bin/cc       CMakeFiles/cmTryCompileExec1955690408.dir/CheckSymbolExists.c.o  -o cmTryCompileExec1955690408 -rdynamic 
CMakeFiles/cmTryCompileExec1955690408.dir/CheckSymbolExists.c.o: In function `main':
CheckSymbolExists.c:(.text+0xa): undefined reference to `pthread_create'
collect2: error: ld returned 1 exit status
make[1]: Leaving directory `/home/arms18/groupx_ws/build/CMakeFiles/CMakeTmp'
make[1]: *** [cmTryCompileExec1955690408] Error 1
make: *** [cmTryCompileExec1955690408/fast] Error 2

File /home/arms18/groupx_ws/build/CMakeFiles/CMakeTmp/CheckSymbolExists.c:
/* */
#include <pthread.h>

int main(int argc, char** argv)
{
  (void)argv;
#ifndef pthread_create
  return ((int*)(&pthread_create))[argc];
#else
  (void)argc;
  return 0;
#endif
}

Determining if the function pthread_create exists in the pthreads failed with the following output:
Change Dir: /home/arms18/groupx_ws/build/CMakeFiles/CMakeTmp

Run Build Command:/usr/bin/make "cmTryCompileExec1540453969/fast"
/usr/bin/make -f CMakeFiles/cmTryCompileExec1540453969.dir/build.make CMakeFiles/cmTryCompileExec1540453969.dir/build
make[1]: Entering directory `/home/arms18/groupx_ws/build/CMakeFiles/CMakeTmp'
/usr/bin/cmake -E cmake_progress_report /home/arms18/groupx_ws/build/CMakeFiles/CMakeTmp/CMakeFiles 1
Building C object CMakeFiles/cmTryCompileExec1540453969.dir/CheckFunctionExists.c.o
/usr/bin/cc   -DCHECK_FUNCTION_EXISTS=pthread_create   -o CMakeFiles/cmTryCompileExec1540453969.dir/CheckFunctionExists.c.o   -c /usr/share/cmake-2.8/Modules/CheckFunctionExists.c
Linking C executable cmTryCompileExec1540453969
/usr/bin/cmake -E cmake_link_script CMakeFiles/cmTryCompileExec1540453969.dir/link.txt --verbose=1
/usr/bin/cc   -DCHECK_FUNCTION_EXISTS=pthread_create    CMakeFiles/cmTryCompileExec1540453969.dir/CheckFunctionExists.c.o  -o cmTryCompileExec1540453969 -rdynamic -lpthreads 
/usr/bin/ld: cannot find -lpthreads
collect2: error: ld returned 1 exit status
make[1]: *** [cmTryCompileExec1540453969] Error 1
make[1]: Leaving directory `/home/arms18/groupx_ws/build/CMakeFiles/CMakeTmp'
make: *** [cmTryCompileExec1540453969/fast] Error 2


